#
# A fatal error has been detected by the Java Runtime Environment:
#
#  EXCEPTION_ACCESS_VIOLATION (0xc0000005) at pc=0x00007ffa5cd014fc, pid=12608, tid=0x000000000000249c
#
# JRE version: Java(TM) SE Runtime Environment (8.0_191-b12) (build 1.8.0_191-b12)
# Java VM: Java HotSpot(TM) 64-Bit Server VM (25.191-b12 mixed mode windows-amd64 compressed oops)
# Problematic frame:
# C  [flatlaf-windows-x86_64-6251048547540086896.dll+0x14fc]
#
# Failed to write core dump. Minidumps are not enabled by default on client versions of Windows
#
# If you would like to submit a bug report, please visit:
#   http://bugreport.java.com/bugreport/crash.jsp
# The crash happened outside the Java Virtual Machine in native code.
# See problematic frame for where to report the bug.
#

---------------  T H R E A D  ---------------

Current thread (0x000000001a4bf000):  JavaThread "AWT-Windows" daemon [_thread_in_native, id=9372, stack(0x000000001adb0000,0x000000001aeb0000)]

siginfo: ExceptionCode=0xc0000005, reading address 0x0000000000000020

Registers:
RAX=0x000000000000c1b7, RBX=0x0000000000000000, RCX=0x0000000000000000, RDX=0x0000000000520b2e
RSP=0x000000001aeaece0, RBP=0x0000000000520b2e, RSI=0x0000000000000000, RDI=0x0000000000000000
R8 =0x000000000000c25c, R9 =0x0000000000000000, R10=0x00000000006047c0, R11=0x0000000000000100
R12=0x0000000000000000, R13=0x000000000000c25c, R14=0x0000000000000000, R15=0x000000000000c25c
RIP=0x00007ffa5cd014fc, EFLAGS=0x0000000000010216

Top of Stack: (sp=0x000000001aeaece0)
0x000000001aeaece0:   0000006c0000016f 0000039a00000611
0x000000001aeaecf0:   0000000000000000 0000000000000000
0x000000001aeaed00:   0000000000000000 00007ffa5cd010ce
0x000000001aeaed10:   00005b4360588997 0000000000520b2e
0x000000001aeaed20:   0000000000000000 0000000000000000
0x000000001aeaed30:   0000000000000000 00007ffa5cd01424
0x000000001aeaed40:   0000000000000000 0000000000520b2e
0x000000001aeaed50:   000000000000c25c 0000000000000001
0x000000001aeaed60:   0000000000000000 0000000080007811
0x000000001aeaed70:   0000000080007811 00007ffa6108e858
0x000000001aeaed80:   0000000000000001 000000001aeaef70
0x000000001aeaed90:   0000000000000000 0000000000000000
0x000000001aeaeda0:   8000781100000000 0000000000000000
0x000000001aeaedb0:   0000000000000000 0000000061f49877
0x000000001aeaedc0:   0000000000000000 0000000000000000
0x000000001aeaedd0:   8000781100000000 0000000000000000 

Instructions: (pc=0x00007ffa5cd014fc)
0x00007ffa5cd014dc:   00 00 49 8d 41 fe 48 83 f8 01 77 14 49 8b c6 45
0x00007ffa5cd014ec:   0f bf c6 48 c1 e8 10 44 0f bf c8 e8 64 06 00 00
0x00007ffa5cd014fc:   48 8b 4e 20 45 8b c7 4c 89 74 24 20 e9 87 01 00
0x00007ffa5cd0150c:   00 48 8b bc 24 80 00 00 00 41 b8 84 00 00 00 48 


Register to memory mapping:

RAX=0x000000000000c1b7 is an unknown value
RBX=0x0000000000000000 is an unknown value
RCX=0x0000000000000000 is an unknown value
RDX=0x0000000000520b2e is an unknown value
RSP=0x000000001aeaece0 is pointing into the stack for thread: 0x000000001a4bf000
RBP=0x0000000000520b2e is an unknown value
RSI=0x0000000000000000 is an unknown value
RDI=0x0000000000000000 is an unknown value
R8 =0x000000000000c25c is an unknown value
R9 =0x0000000000000000 is an unknown value
R10=0x00000000006047c0 is an unknown value
R11=0x0000000000000100 is an unknown value
R12=0x0000000000000000 is an unknown value
R13=0x000000000000c25c is an unknown value
R14=0x0000000000000000 is an unknown value
R15=0x000000000000c25c is an unknown value


Stack: [0x000000001adb0000,0x000000001aeb0000],  sp=0x000000001aeaece0,  free space=1019k
Native frames: (J=compiled Java code, j=interpreted, Vv=VM code, C=native code)
C  [flatlaf-windows-x86_64-6251048547540086896.dll+0x14fc]
C  [flatlaf-windows-x86_64-6251048547540086896.dll+0x1424]
C  [USER32.dll+0xe858]
C  [USER32.dll+0xde1b]
C  [USER32.dll+0xd68a]
C  [awt.dll+0x908ea]
C  [awt.dll+0xcd8d4]
C  [USER32.dll+0xe858]
C  [USER32.dll+0xe299]
C  [awt.dll+0xcd31c]
C  [awt.dll+0xcd5cb]
C  0x0000000002598c67

Java frames: (J=compiled Java code, j=interpreted, Vv=VM code)
j  sun.awt.windows.WToolkit.eventLoop()V+0
j  sun.awt.windows.WToolkit.run()V+58
j  java.lang.Thread.run()V+11
v  ~StubRoutines::call_stub

---------------  P R O C E S S  ---------------

Java Threads: ( => current thread )
  0x000000001aad7800 JavaThread "TimerQueue" daemon [_thread_blocked, id=2920, stack(0x000000001e3c0000,0x000000001e4c0000)]
  0x000000000242e000 JavaThread "DestroyJavaVM" [_thread_blocked, id=14032, stack(0x0000000002310000,0x0000000002410000)]
  0x000000001a7f8800 JavaThread "AWT-EventQueue-0" [_thread_in_native, id=9068, stack(0x000000001c130000,0x000000001c230000)]
=>0x000000001a4bf000 JavaThread "AWT-Windows" daemon [_thread_in_native, id=9372, stack(0x000000001adb0000,0x000000001aeb0000)]
  0x000000001a4ba000 JavaThread "AWT-Shutdown" [_thread_blocked, id=9352, stack(0x000000001acb0000,0x000000001adb0000)]
  0x000000001a4b9800 JavaThread "Java2D Disposer" daemon [_thread_blocked, id=3948, stack(0x000000001abb0000,0x000000001acb0000)]
  0x00000000194ea800 JavaThread "Service Thread" daemon [_thread_blocked, id=14328, stack(0x000000001a040000,0x000000001a140000)]
  0x0000000019462800 JavaThread "C1 CompilerThread3" daemon [_thread_blocked, id=13844, stack(0x0000000019f40000,0x000000001a040000)]
  0x0000000019456800 JavaThread "C2 CompilerThread2" daemon [_thread_blocked, id=12560, stack(0x0000000019e40000,0x0000000019f40000)]
  0x0000000019450800 JavaThread "C2 CompilerThread1" daemon [_thread_blocked, id=13100, stack(0x0000000019d40000,0x0000000019e40000)]
  0x000000001944a000 JavaThread "C2 CompilerThread0" daemon [_thread_blocked, id=4028, stack(0x0000000019c40000,0x0000000019d40000)]
  0x0000000019447800 JavaThread "Attach Listener" daemon [_thread_blocked, id=12488, stack(0x0000000019b40000,0x0000000019c40000)]
  0x000000001755e800 JavaThread "Signal Dispatcher" daemon [_thread_blocked, id=9460, stack(0x0000000019a40000,0x0000000019b40000)]
  0x0000000019440800 JavaThread "Finalizer" daemon [_thread_blocked, id=7488, stack(0x0000000019820000,0x0000000019920000)]
  0x0000000002579000 JavaThread "Reference Handler" daemon [_thread_blocked, id=2836, stack(0x0000000019320000,0x0000000019420000)]

Other Threads:
  0x0000000017549800 VMThread [stack: 0x0000000019220000,0x0000000019320000] [id=5332]
  0x000000001950c000 WatcherThread [stack: 0x000000001a140000,0x000000001a240000] [id=11112]

VM state:not at safepoint (normal execution)

VM Mutex/Monitor currently owned by a thread: None

Heap:
 PSYoungGen      total 38400K, used 18693K [0x00000000d5d80000, 0x00000000d8800000, 0x0000000100000000)
  eden space 33280K, 40% used [0x00000000d5d80000,0x00000000d6ac6fe8,0x00000000d7e00000)
  from space 5120K, 99% used [0x00000000d7e00000,0x00000000d82fa548,0x00000000d8300000)
  to   space 5120K, 0% used [0x00000000d8300000,0x00000000d8300000,0x00000000d8800000)
 ParOldGen       total 87552K, used 21231K [0x0000000081800000, 0x0000000086d80000, 0x00000000d5d80000)
  object space 87552K, 24% used [0x0000000081800000,0x0000000082cbbdc8,0x0000000086d80000)
 Metaspace       used 19547K, capacity 20030K, committed 20096K, reserved 1067008K
  class space    used 2539K, capacity 2675K, committed 2688K, reserved 1048576K

Card table byte_map: [0x0000000011940000,0x0000000011d40000] byte_map_base: 0x0000000011534000

Marking Bits: (ParMarkBitMap*) 0x0000000070603e30
 Begin Bits: [0x00000000127f0000, 0x0000000014790000)
 End Bits:   [0x0000000014790000, 0x0000000016730000)

Polling page: 0x0000000002410000

CodeCache: size=245760Kb used=8645Kb max_used=8647Kb free=237114Kb
 bounds [0x0000000002580000, 0x0000000002e00000, 0x0000000011580000]
 total_blobs=3081 nmethods=2502 adapters=489
 compilation: enabled

Compilation events (10 events):
Event: 46.182 Thread 0x0000000019462800 2590   !   3       java.awt.Container::decreaseComponentCount (124 bytes)
Event: 46.182 Thread 0x0000000019450800 2593       4       java.awt.KeyboardFocusManager::getCurrentKeyboardFocusManager (7 bytes)
Event: 46.183 Thread 0x0000000019462800 nmethod 2590 0x0000000002df0950 code [0x0000000002df0b40, 0x0000000002df1978]
Event: 46.183 Thread 0x0000000019462800 2591   !   3       java.awt.Container::removeNotify (125 bytes)
Event: 46.184 Thread 0x0000000019462800 nmethod 2591 0x0000000002df3710 code [0x0000000002df39c0, 0x0000000002df4fb8]
Event: 46.184 Thread 0x0000000019462800 2592       3       java.awt.Container::recursiveHideHeavyweightChildren (78 bytes)
Event: 46.185 Thread 0x0000000019450800 nmethod 2593 0x0000000002df0250 code [0x0000000002df03c0, 0x0000000002df0788]
Event: 46.185 Thread 0x0000000019462800 nmethod 2592 0x0000000002df72d0 code [0x0000000002df7520, 0x0000000002df8668]
Event: 46.185 Thread 0x0000000019462800 2594       3       com.formdev.flatlaf.ui.FlatTextFieldUI::propertyChange (124 bytes)
Event: 46.186 Thread 0x0000000019462800 nmethod 2594 0x0000000002df6410 code [0x0000000002df6600, 0x0000000002df6f58]

GC Heap History (2 events):
Event: 18.542 GC heap before
{Heap before GC invocations=1 (full 0):
 PSYoungGen      total 38400K, used 33280K [0x00000000d5d80000, 0x00000000d8800000, 0x0000000100000000)
  eden space 33280K, 100% used [0x00000000d5d80000,0x00000000d7e00000,0x00000000d7e00000)
  from space 5120K, 0% used [0x00000000d8300000,0x00000000d8300000,0x00000000d8800000)
  to   space 5120K, 0% used [0x00000000d7e00000,0x00000000d7e00000,0x00000000d8300000)
 ParOldGen       total 87552K, used 0K [0x0000000081800000, 0x0000000086d80000, 0x00000000d5d80000)
  object space 87552K, 0% used [0x0000000081800000,0x0000000081800000,0x0000000086d80000)
 Metaspace       used 17617K, capacity 18046K, committed 18304K, reserved 1064960K
  class space    used 2297K, capacity 2403K, committed 2432K, reserved 1048576K
Event: 18.560 GC heap after
Heap after GC invocations=1 (full 0):
 PSYoungGen      total 38400K, used 5097K [0x00000000d5d80000, 0x00000000d8800000, 0x0000000100000000)
  eden space 33280K, 0% used [0x00000000d5d80000,0x00000000d5d80000,0x00000000d7e00000)
  from space 5120K, 99% used [0x00000000d7e00000,0x00000000d82fa548,0x00000000d8300000)
  to   space 5120K, 0% used [0x00000000d8300000,0x00000000d8300000,0x00000000d8800000)
 ParOldGen       total 87552K, used 21231K [0x0000000081800000, 0x0000000086d80000, 0x00000000d5d80000)
  object space 87552K, 24% used [0x0000000081800000,0x0000000082cbbdc8,0x0000000086d80000)
 Metaspace       used 17617K, capacity 18046K, committed 18304K, reserved 1064960K
  class space    used 2297K, capacity 2403K, committed 2432K, reserved 1048576K
}

Deoptimization events (10 events):
Event: 18.841 Thread 0x000000001a7f8800 Uncommon trap: reason=unstable_if action=reinterpret pc=0x0000000002a1dec0 method=java.lang.ref.SoftReference.get()Ljava/lang/Object; @ 17
Event: 38.031 Thread 0x000000001a7f8800 Uncommon trap: reason=unstable_if action=reinterpret pc=0x0000000002d4e3f8 method=java.awt.Container$MouseEventTargetFilter.accept(Ljava/awt/Component;)Z @ 50
Event: 43.015 Thread 0x000000001a7f8800 Uncommon trap: reason=unstable_if action=reinterpret pc=0x00000000028db738 method=java.util.HashMap.getNode(ILjava/lang/Object;)Ljava/util/HashMap$Node; @ 62
Event: 43.015 Thread 0x000000001a7f8800 Uncommon trap: reason=class_check action=maybe_recompile pc=0x0000000002888408 method=java.util.HashMap.putVal(ILjava/lang/Object;Ljava/lang/Object;ZZ)Ljava/lang/Object; @ 91
Event: 43.017 Thread 0x000000001a7f8800 Uncommon trap: reason=class_check action=maybe_recompile pc=0x0000000002888408 method=java.util.HashMap.putVal(ILjava/lang/Object;Ljava/lang/Object;ZZ)Ljava/lang/Object; @ 91
Event: 43.018 Thread 0x000000001a7f8800 Uncommon trap: reason=unstable_if action=reinterpret pc=0x0000000002882e78 method=java.util.HashMap.getNode(ILjava/lang/Object;)Ljava/util/HashMap$Node; @ 62
Event: 43.018 Thread 0x000000001a7f8800 Uncommon trap: reason=class_check action=maybe_recompile pc=0x000000000288a698 method=java.util.HashMap.putVal(ILjava/lang/Object;Ljava/lang/Object;ZZ)Ljava/lang/Object; @ 91
Event: 43.038 Thread 0x000000001a7f8800 Uncommon trap: reason=null_check action=make_not_entrant pc=0x0000000002da8c1c method=com.formdev.flatlaf.ui.FlatUIUtils.isCellEditor(Ljava/awt/Component;)Z @ 54
Event: 43.055 Thread 0x000000001a7f8800 Uncommon trap: reason=null_check action=make_not_entrant pc=0x0000000002dd72a4 method=com.formdev.flatlaf.ui.FlatUIUtils.isCellEditor(Ljava/awt/Component;)Z @ 63
Event: 45.461 Thread 0x000000001a7f8800 Uncommon trap: reason=unstable_if action=reinterpret pc=0x0000000002ca7210 method=java.beans.ChangeListenerMap.get(Ljava/lang/String;)[Ljava/util/EventListener; @ 4

Classes redefined (0 events):
No events

Internal exceptions (10 events):
Event: 1.282 Thread 0x000000000242e000 Exception <a 'java/lang/ClassNotFoundException': org/apache/log4j/RollingFileAppenderCustomizer> (0x00000000d6293800) thrown at [C:\re\workspace\8-2-build-windows-amd64-cygwin\jdk8u191\11896\hotspot\src\share\vm\classfile\systemDictionary.cpp, line 210]
Event: 1.360 Thread 0x000000000242e000 Exception <a 'java/io/FileNotFoundException'> (0x00000000d62fe800) thrown at [C:\re\workspace\8-2-build-windows-amd64-cygwin\jdk8u191\11896\hotspot\src\share\vm\prims\jni.cpp, line 709]
Event: 1.877 Thread 0x000000001a7f8800 Exception <a 'sun/nio/fs/WindowsException'> (0x00000000d6d530a0) thrown at [C:\re\workspace\8-2-build-windows-amd64-cygwin\jdk8u191\11896\hotspot\src\share\vm\prims\jni.cpp, line 709]
Event: 1.940 Thread 0x000000001a4c0800 Exception <a 'java/io/FileNotFoundException'> (0x00000000d658c4b0) thrown at [C:\re\workspace\8-2-build-windows-amd64-cygwin\jdk8u191\11896\hotspot\src\share\vm\prims\jni.cpp, line 709]
Event: 1.941 Thread 0x000000001a573800 Exception <a 'java/io/FileNotFoundException'> (0x00000000d654edc8) thrown at [C:\re\workspace\8-2-build-windows-amd64-cygwin\jdk8u191\11896\hotspot\src\share\vm\prims\jni.cpp, line 709]
Event: 14.981 Thread 0x00000000195bf000 Exception <a 'java/io/FileNotFoundException'> (0x00000000d73d4a68) thrown at [C:\re\workspace\8-2-build-windows-amd64-cygwin\jdk8u191\11896\hotspot\src\share\vm\prims\jni.cpp, line 709]
Event: 14.982 Thread 0x00000000195bf000 Exception <a 'java/io/FileNotFoundException'> (0x00000000d73d5270) thrown at [C:\re\workspace\8-2-build-windows-amd64-cygwin\jdk8u191\11896\hotspot\src\share\vm\prims\jni.cpp, line 709]
Event: 43.038 Thread 0x000000001a7f8800 Implicit null exception at 0x0000000002da8716 to 0x0000000002da8c0d
Event: 43.055 Thread 0x000000001a7f8800 Implicit null exception at 0x0000000002dd6e78 to 0x0000000002dd7295
Event: 45.461 Thread 0x000000001a7f8800 Implicit null exception at 0x0000000002ca6256 to 0x0000000002ca71e9

Events (10 events):
Event: 43.062 Executing VM operation: BulkRevokeBias done
Event: 43.149 loading class java/security/DomainCombiner
Event: 43.149 loading class java/security/DomainCombiner done
Event: 45.461 Thread 0x000000001a7f8800 Uncommon trap: trap_request=0xffffff65 fr.pc=0x0000000002ca7210
Event: 45.461 Executing VM operation: RevokeBias
Event: 45.461 Executing VM operation: RevokeBias done
Event: 45.461 Thread 0x000000001a7f8800 DEOPT PACKING pc=0x0000000002ca7210 sp=0x000000001c225580
Event: 45.461 Thread 0x000000001a7f8800 DEOPT UNPACKING pc=0x00000000025c583b sp=0x000000001c2253f8 mode 2
Event: 45.465 Executing VM operation: BulkRevokeBias
Event: 45.466 Executing VM operation: BulkRevokeBias done


Dynamic libraries:
0x00007ff708cd0000 - 0x00007ff708d07000 	C:\Program Files\Java\jre1.8.0_191\bin\javaw.exe
0x00007ffa61f30000 - 0x00007ffa62127000 	C:\Windows\SYSTEM32\ntdll.dll
0x00007ffa61230000 - 0x00007ffa612ed000 	C:\Windows\System32\KERNEL32.DLL
0x00007ffa5f760000 - 0x00007ffa5fa56000 	C:\Windows\System32\KERNELBASE.dll
0x00007ffa61380000 - 0x00007ffa6142e000 	C:\Windows\System32\ADVAPI32.dll
0x00007ffa61430000 - 0x00007ffa614ce000 	C:\Windows\System32\msvcrt.dll
0x00007ffa60ad0000 - 0x00007ffa60b6c000 	C:\Windows\System32\sechost.dll
0x00007ffa606e0000 - 0x00007ffa60806000 	C:\Windows\System32\RPCRT4.dll
0x00007ffa61080000 - 0x00007ffa6121e000 	C:\Windows\System32\USER32.dll
0x00007ffa5f610000 - 0x00007ffa5f632000 	C:\Windows\System32\win32u.dll
0x00007ffa61d80000 - 0x00007ffa61dac000 	C:\Windows\System32\GDI32.dll
0x00007ffa5f640000 - 0x00007ffa5f75a000 	C:\Windows\System32\gdi32full.dll
0x00007ffa5fda0000 - 0x00007ffa5fe3d000 	C:\Windows\System32\msvcp_win.dll
0x00007ffa5fb40000 - 0x00007ffa5fc40000 	C:\Windows\System32\ucrtbase.dll
0x00007ffa4c590000 - 0x00007ffa4c82a000 	C:\Windows\WinSxS\amd64_microsoft.windows.common-controls_6595b64144ccf1df_6.0.19041.3570_none_60bb2a3971f3e41a\COMCTL32.dll
0x00007ffa61050000 - 0x00007ffa61080000 	C:\Windows\System32\IMM32.DLL
0x0000000070d70000 - 0x0000000070e42000 	C:\Program Files\Java\jre1.8.0_191\bin\msvcr100.dll
0x000000006fde0000 - 0x0000000070684000 	C:\Program Files\Java\jre1.8.0_191\bin\server\jvm.dll
0x00007ffa61040000 - 0x00007ffa61048000 	C:\Windows\System32\PSAPI.DLL
0x00007ffa551f0000 - 0x00007ffa551fa000 	C:\Windows\SYSTEM32\VERSION.dll
0x00007ffa49c60000 - 0x00007ffa49c87000 	C:\Windows\SYSTEM32\WINMM.dll
0x00007ffa10540000 - 0x00007ffa10549000 	C:\Windows\SYSTEM32\WSOCK32.dll
0x00007ffa61680000 - 0x00007ffa616eb000 	C:\Windows\System32\WS2_32.dll
0x0000000070d60000 - 0x0000000070d6f000 	C:\Program Files\Java\jre1.8.0_191\bin\verify.dll
0x0000000070d30000 - 0x0000000070d59000 	C:\Program Files\Java\jre1.8.0_191\bin\java.dll
0x0000000070ce0000 - 0x0000000070cf6000 	C:\Program Files\Java\jre1.8.0_191\bin\zip.dll
0x00007ffa5ff90000 - 0x00007ffa606d4000 	C:\Windows\System32\SHELL32.dll
0x00007ffa5d4d0000 - 0x00007ffa5dc6b000 	C:\Windows\SYSTEM32\windows.storage.dll
0x00007ffa616f0000 - 0x00007ffa61a44000 	C:\Windows\System32\combase.dll
0x00007ffa5f050000 - 0x00007ffa5f07d000 	C:\Windows\SYSTEM32\Wldp.dll
0x00007ffa61b40000 - 0x00007ffa61bed000 	C:\Windows\System32\SHCORE.dll
0x00007ffa61d20000 - 0x00007ffa61d75000 	C:\Windows\System32\shlwapi.dll
0x00007ffa5f540000 - 0x00007ffa5f565000 	C:\Windows\SYSTEM32\profapi.dll
0x0000000070ac0000 - 0x0000000070c59000 	C:\Program Files\Java\jre1.8.0_191\bin\awt.dll
0x00007ffa60a00000 - 0x00007ffa60acd000 	C:\Windows\System32\OLEAUT32.dll
0x00007ffa5cb60000 - 0x00007ffa5cbf0000 	C:\Windows\SYSTEM32\apphelp.dll
0x00007ffa5ce00000 - 0x00007ffa5ce9e000 	C:\Windows\system32\uxtheme.dll
0x00007ffa60830000 - 0x00007ffa60944000 	C:\Windows\System32\MSCTF.dll
0x00007ffa61bf0000 - 0x00007ffa61d1b000 	C:\Windows\System32\ole32.dll
0x00007ffa5d2d0000 - 0x00007ffa5d2e2000 	C:\Windows\SYSTEM32\kernel.appcore.dll
0x00007ffa5fe40000 - 0x00007ffa5fec2000 	C:\Windows\System32\bcryptPrimitives.dll
0x00007ffa5d0f0000 - 0x00007ffa5d11f000 	C:\Windows\system32\DWMAPI.DLL
0x00007ffa24c10000 - 0x00007ffa24d35000 	C:\Windows\system32\opengl32.dll
0x00007ffa24be0000 - 0x00007ffa24c0c000 	C:\Windows\SYSTEM32\GLU32.dll
0x00007ffa5efb0000 - 0x00007ffa5efc8000 	C:\Windows\SYSTEM32\CRYPTSP.dll
0x00007ffa5e650000 - 0x00007ffa5e684000 	C:\Windows\system32\rsaenh.dll
0x00007ffa5fb10000 - 0x00007ffa5fb37000 	C:\Windows\System32\bcrypt.dll
0x00007ffa5f500000 - 0x00007ffa5f52e000 	C:\Windows\SYSTEM32\USERENV.dll
0x00007ffa5efa0000 - 0x00007ffa5efac000 	C:\Windows\SYSTEM32\CRYPTBASE.dll
0x0000000070cc0000 - 0x0000000070cda000 	C:\Program Files\Java\jre1.8.0_191\bin\net.dll
0x00007ffa5edb0000 - 0x00007ffa5ee1a000 	C:\Windows\system32\mswsock.dll
0x00007ffa5ea50000 - 0x00007ffa5ea8b000 	C:\Windows\SYSTEM32\IPHLPAPI.DLL
0x00007ffa61ad0000 - 0x00007ffa61ad8000 	C:\Windows\System32\NSI.dll
0x00007ffa597d0000 - 0x00007ffa597e7000 	C:\Windows\SYSTEM32\dhcpcsvc6.DLL
0x00007ffa59730000 - 0x00007ffa5974d000 	C:\Windows\SYSTEM32\dhcpcsvc.DLL
0x00007ffa5ea90000 - 0x00007ffa5eb5a000 	C:\Windows\SYSTEM32\DNSAPI.dll
0x0000000070ca0000 - 0x0000000070cb1000 	C:\Program Files\Java\jre1.8.0_191\bin\nio.dll
0x000000001bf60000 - 0x000000001c02e000 	C:\Users\avizcaino\AppData\Local\Temp\sqlite-3.30.1-61b126f3-eb86-4516-aef2-5e2ded123952-sqlitejdbc.dll
0x0000000070a70000 - 0x0000000070ab7000 	C:\Program Files\Java\jre1.8.0_191\bin\fontmanager.dll
0x0000000070a60000 - 0x0000000070a67000 	C:\Program Files\Java\jre1.8.0_191\bin\jawt.dll
0x00007ffa5cd00000 - 0x00007ffa5cd06000 	C:\Users\avizcaino\AppData\Local\Temp\flatlaf.temp\flatlaf-windows-x86_64-6251048547540086896.dll
0x00007ffa60950000 - 0x00007ffa609f9000 	C:\Windows\System32\clbcatq.dll
0x00007ffa560e0000 - 0x00007ffa56294000 	C:\Windows\SYSTEM32\WindowsCodecs.dll
0x00007ffa29690000 - 0x00007ffa296ce000 	C:\Windows\system32\dataexchange.dll
0x00007ffa5b7d0000 - 0x00007ffa5ba33000 	C:\Windows\system32\d3d11.dll
0x00007ffa5c000000 - 0x00007ffa5c1e3000 	C:\Windows\system32\dcomp.dll
0x00007ffa5dca0000 - 0x00007ffa5dd93000 	C:\Windows\system32\dxgi.dll
0x00007ffa56970000 - 0x00007ffa56b77000 	C:\Windows\system32\twinapi.appcore.dll
0x0000000070a10000 - 0x0000000070a52000 	C:\Program Files\Java\jre1.8.0_191\bin\t2k.dll
0x00007ffa52180000 - 0x00007ffa5227a000 	C:\Windows\SYSTEM32\textinputframework.dll
0x00007ffa5c570000 - 0x00007ffa5c8cb000 	C:\Windows\System32\CoreUIComponents.dll
0x00007ffa5c8d0000 - 0x00007ffa5c9c2000 	C:\Windows\System32\CoreMessaging.dll
0x00007ffa5e770000 - 0x00007ffa5e7a3000 	C:\Windows\SYSTEM32\ntmarta.dll
0x00007ffa5bea0000 - 0x00007ffa5bff5000 	C:\Windows\SYSTEM32\wintypes.dll
0x00000000709e0000 - 0x0000000070a0a000 	C:\Program Files\Java\jre1.8.0_191\bin\dcpr.dll
0x00007ffa508f0000 - 0x00007ffa50ad4000 	C:\Windows\SYSTEM32\dbghelp.dll

VM Arguments:
jvm_args: -Dfile.encoding=Cp1252 
java_command: ve.com.avss.Ventas
java_class_path (initial): C:\gestionCitas\root\bin;C:\gestionCitas\root\lib\itextpdf-5.4.0.jar;C:\gestionCitas\root\lib\sqlite-jdbc-3.30.1.jar;C:\gestionCitas\root\lib\pdfbox-app-2.0.21.jar;C:\gestionCitas\root\lib\flatlaf-1.1.2.jar;C:\gestionCitas\root\lib\jcalendar-1.4.jar;C:\gestionCitas\root\lib\log4j-1.2.16.jar;C:\Users\avizcaino\Downloads\POI 3.6\POI 3.6\commons-collections4-4.1.jar;C:\Users\avizcaino\Downloads\POI 3.6\POI 3.6\poi-3.16.jar;C:\Users\avizcaino\Downloads\POI 3.6\POI 3.6\poi-ooxml-3.16.jar;C:\Users\avizcaino\Downloads\POI 3.6\POI 3.6\poi-ooxml-schemas-3.16.jar;C:\Users\avizcaino\Downloads\POI 3.6\POI 3.6\xmlbeans-2.6.0.jar;C:\ventas\Nueva carpeta\home\prog\java_mvn\fiscal\version_1\jpfbatch\dist\jpfbatch.jar
Launcher Type: SUN_STANDARD

Environment Variables:
JAVA_HOME=C:\Program Files\Java\jre7
PATH=C:\Windows\system32;C:\Windows;C:\Windows\System32\Wbem;C:\Windows\System32\WindowsPowerShell\v1.0\;C:\Windows\System32\OpenSSH\;C:\Program Files (x86)\Microsoft SQL Server\150\DTS\Binn\;C:\Program Files\Azure Data Studio\bin;C:\Program Files\TortoiseSVN\bin;C:\Users\avizcaino\AppData\Local\Microsoft\WindowsApps;C:\Program Files\Azure Data Studio\bin;C:\Program Files\Java\jre7;C:\apache-tomcat-7.0.96;C:\apache-maven-3.6.1\bin;C:\ant-apache\bin\;C:\Program Files\TortoiseSVN\bin;C:\ant-apache\bin\;
USERNAME=avizcaino
OS=Windows_NT
PROCESSOR_IDENTIFIER=Intel64 Family 6 Model 58 Stepping 9, GenuineIntel



---------------  S Y S T E M  ---------------

OS: Windows 10.0 , 64 bit Build 19041 (10.0.19041.3570)

CPU:total 8 (initial active 8) (4 cores per cpu, 2 threads per core) family 6 model 58 stepping 9, cmov, cx8, fxsr, mmx, sse, sse2, sse3, ssse3, sse4.1, sse4.2, popcnt, avx, aes, clmul, erms, ht, tsc, tscinvbit, tscinv

Memory: 4k page, physical 8288940k(2464768k free), swap 11696812k(3733744k free)

vm_info: Java HotSpot(TM) 64-Bit Server VM (25.191-b12) for windows-amd64 JRE (1.8.0_191-b12), built on Oct  6 2018 09:29:03 by "java_re" with MS VC++ 10.0 (VS2010)

time: Fri Apr 19 11:57:28 2024
elapsed time: 46 seconds (0d 0h 0m 46s)

